# JRE version: Java(TM) SE Runtime Environment (8.0_73-b02) (build 1.8.0_73-b02)
# Java VM: Java HotSpot(TM) 64-Bit Server VM (25.73-b02 mixed mode windows-amd64 compressed oops)
Heap:
 PSYoungGen      total 356352K, used 33626K [0x000000076c500000, 0x0000000786780000, 0x00000007c0000000)
  eden space 334848K, 5% used [0x000000076c500000,0x000000076d889b78,0x0000000780c00000)
  from space 21504K, 63% used [0x0000000785280000,0x0000000785fcd050,0x0000000786780000)
  to   space 22528K, 0% used [0x0000000780c00000,0x0000000780c00000,0x0000000782200000)
 ParOldGen       total 113664K, used 28207K [0x00000006c4e00000, 0x00000006cbd00000, 0x000000076c500000)
  object space 113664K, 24% used [0x00000006c4e00000,0x00000006c698bff0,0x00000006cbd00000)
 Metaspace       used 31216K, capacity 32062K, committed 32384K, reserved 1077248K
  class space    used 3694K, capacity 3927K, committed 3968K, reserved 1048576K
GC Heap History (10 events):
Event: 19.054 GC heap before
{Heap before GC invocations=17 (full 1):
 PSYoungGen      total 294400K, used 281568K [0x000000076c500000, 0x0000000783a00000, 0x00000007c0000000)
  eden space 273408K, 100% used [0x000000076c500000,0x000000077d000000,0x000000077d000000)
  from space 20992K, 38% used [0x000000077d000000,0x000000077d7f8020,0x000000077e480000)
  to   space 20992K, 0% used [0x0000000782580000,0x0000000782580000,0x0000000783a00000)
 ParOldGen       total 113664K, used 28175K [0x00000006c4e00000, 0x00000006cbd00000, 0x000000076c500000)
  object space 113664K, 24% used [0x00000006c4e00000,0x00000006c6983ff0,0x00000006cbd00000)
 Metaspace       used 31114K, capacity 31992K, committed 32384K, reserved 1077248K
  class space    used 3689K, capacity 3926K, committed 3968K, reserved 1048576K
Event: 19.066 GC heap after
Heap after GC invocations=17 (full 1):
 PSYoungGen      total 351744K, used 18621K [0x000000076c500000, 0x0000000783800000, 0x00000007c0000000)
  eden space 332800K, 0% used [0x000000076c500000,0x000000076c500000,0x0000000780a00000)
  from space 18944K, 98% used [0x0000000782580000,0x00000007837af5a0,0x0000000783800000)
  to   space 22528K, 0% used [0x0000000780c00000,0x0000000780c00000,0x0000000782200000)
 ParOldGen       total 113664K, used 28183K [0x00000006c4e00000, 0x00000006cbd00000, 0x000000076c500000)
  object space 113664K, 24% used [0x00000006c4e00000,0x00000006c6985ff0,0x00000006cbd00000)
 Metaspace       used 31114K, capacity 31992K, committed 32384K, reserved 1077248K
  class space    used 3689K, capacity 3926K, committed 3968K, reserved 1048576K
}
Event: 19.288 GC heap before
{Heap before GC invocations=18 (full 1):
 PSYoungGen      total 351744K, used 351421K [0x000000076c500000, 0x0000000783800000, 0x00000007c0000000)
  eden space 332800K, 100% used [0x000000076c500000,0x0000000780a00000,0x0000000780a00000)
  from space 18944K, 98% used [0x0000000782580000,0x00000007837af5a0,0x0000000783800000)
  to   space 22528K, 0% used [0x0000000780c00000,0x0000000780c00000,0x0000000782200000)
 ParOldGen       total 113664K, used 28183K [0x00000006c4e00000, 0x00000006cbd00000, 0x000000076c500000)
  object space 113664K, 24% used [0x00000006c4e00000,0x00000006c6985ff0,0x00000006cbd00000)
 Metaspace       used 31133K, capacity 31992K, committed 32384K, reserved 1077248K
  class space    used 3689K, capacity 3926K, committed 3968K, reserved 1048576K
Event: 19.294 GC heap after
Heap after GC invocations=18 (full 1):
 PSYoungGen      total 355328K, used 12922K [0x000000076c500000, 0x0000000783800000, 0x00000007c0000000)
  eden space 332800K, 0% used [0x000000076c500000,0x000000076c500000,0x0000000780a00000)
  from space 22528K, 57% used [0x0000000780c00000,0x000000078189ebb0,0x0000000782200000)
  to   space 18944K, 0% used [0x0000000782580000,0x0000000782580000,0x0000000783800000)
 ParOldGen       total 113664K, used 28191K [0x00000006c4e00000, 0x00000006cbd00000, 0x000000076c500000)
  object space 113664K, 24% used [0x00000006c4e00000,0x00000006c6987ff0,0x00000006cbd00000)
 Metaspace       used 31133K, capacity 31992K, committed 32384K, reserved 1077248K
  class space    used 3689K, capacity 3926K, committed 3968K, reserved 1048576K
}
Event: 20.120 GC heap before
{Heap before GC invocations=19 (full 1):
 PSYoungGen      total 355328K, used 345722K [0x000000076c500000, 0x0000000783800000, 0x00000007c0000000)
  eden space 332800K, 100% used [0x000000076c500000,0x0000000780a00000,0x0000000780a00000)
  from space 22528K, 57% used [0x0000000780c00000,0x000000078189ebb0,0x0000000782200000)
  to   space 18944K, 0% used [0x0000000782580000,0x0000000782580000,0x0000000783800000)
 ParOldGen       total 113664K, used 28191K [0x00000006c4e00000, 0x00000006cbd00000, 0x000000076c500000)
  object space 113664K, 24% used [0x00000006c4e00000,0x00000006c6987ff0,0x00000006cbd00000)
 Metaspace       used 31153K, capacity 31992K, committed 32384K, reserved 1077248K
  class space    used 3689K, capacity 3926K, committed 3968K, reserved 1048576K
Event: 20.126 GC heap after
Heap after GC invocations=19 (full 1):
 PSYoungGen      total 351744K, used 14443K [0x000000076c500000, 0x0000000783800000, 0x00000007c0000000)
  eden space 332800K, 0% used [0x000000076c500000,0x000000076c500000,0x0000000780a00000)
  from space 18944K, 76% used [0x0000000782580000,0x000000078339ade0,0x0000000783800000)
  to   space 22528K, 0% used [0x0000000780c00000,0x0000000780c00000,0x0000000782200000)
 ParOldGen       total 113664K, used 28191K [0x00000006c4e00000, 0x00000006cbd00000, 0x000000076c500000)
  object space 113664K, 24% used [0x00000006c4e00000,0x00000006c6987ff0,0x00000006cbd00000)
 Metaspace       used 31153K, capacity 31992K, committed 32384K, reserved 1077248K
  class space    used 3689K, capacity 3926K, committed 3968K, reserved 1048576K
}
Event: 21.048 GC heap before
{Heap before GC invocations=20 (full 1):
 PSYoungGen      total 351744K, used 347243K [0x000000076c500000, 0x0000000783800000, 0x00000007c0000000)
  eden space 332800K, 100% used [0x000000076c500000,0x0000000780a00000,0x0000000780a00000)
  from space 18944K, 76% used [0x0000000782580000,0x000000078339ade0,0x0000000783800000)
  to   space 22528K, 0% used [0x0000000780c00000,0x0000000780c00000,0x0000000782200000)
 ParOldGen       total 113664K, used 28191K [0x00000006c4e00000, 0x00000006cbd00000, 0x000000076c500000)
  object space 113664K, 24% used [0x00000006c4e00000,0x00000006c6987ff0,0x00000006cbd00000)
 Metaspace       used 31161K, capacity 31992K, committed 32384K, reserved 1077248K
  class space    used 3689K, capacity 3926K, committed 3968K, reserved 1048576K
Event: 21.055 GC heap after
Heap after GC invocations=20 (full 1):
 PSYoungGen      total 357376K, used 15947K [0x000000076c500000, 0x0000000786780000, 0x00000007c0000000)
  eden space 334848K, 0% used [0x000000076c500000,0x000000076c500000,0x0000000780c00000)
  from space 22528K, 70% used [0x0000000780c00000,0x0000000781b92de0,0x0000000782200000)
  to   space 21504K, 0% used [0x0000000785280000,0x0000000785280000,0x0000000786780000)
 ParOldGen       total 113664K, used 28199K [0x00000006c4e00000, 0x00000006cbd00000, 0x000000076c500000)
  object space 113664K, 24% used [0x00000006c4e00000,0x00000006c6989ff0,0x00000006cbd00000)
 Metaspace       used 31161K, capacity 31992K, committed 32384K, reserved 1077248K
  class space    used 3689K, capacity 3926K, committed 3968K, reserved 1048576K
}
Event: 21.276 GC heap before
{Heap before GC invocations=21 (full 1):
 PSYoungGen      total 357376K, used 350795K [0x000000076c500000, 0x0000000786780000, 0x00000007c0000000)
  eden space 334848K, 100% used [0x000000076c500000,0x0000000780c00000,0x0000000780c00000)
  from space 22528K, 70% used [0x0000000780c00000,0x0000000781b92de0,0x0000000782200000)
  to   space 21504K, 0% used [0x0000000785280000,0x0000000785280000,0x0000000786780000)
 ParOldGen       total 113664K, used 28199K [0x00000006c4e00000, 0x00000006cbd00000, 0x000000076c500000)
  object space 113664K, 24% used [0x00000006c4e00000,0x00000006c6989ff0,0x00000006cbd00000)
 Metaspace       used 31216K, capacity 32062K, committed 32384K, reserved 1077248K
  class space    used 3694K, capacity 3927K, committed 3968K, reserved 1048576K
Event: 21.282 GC heap after
Heap after GC invocations=21 (full 1):
 PSYoungGen      total 356352K, used 13620K [0x000000076c500000, 0x0000000786780000, 0x00000007c0000000)
  eden space 334848K, 0% used [0x000000076c500000,0x000000076c500000,0x0000000780c00000)
  from space 21504K, 63% used [0x0000000785280000,0x0000000785fcd050,0x0000000786780000)
  to   space 22528K, 0% used [0x0000000780c00000,0x0000000780c00000,0x0000000782200000)
 ParOldGen       total 113664K, used 28207K [0x00000006c4e00000, 0x00000006cbd00000, 0x000000076c500000)
  object space 113664K, 24% used [0x00000006c4e00000,0x00000006c698bff0,0x00000006cbd00000)
 Metaspace       used 31216K, capacity 32062K, committed 32384K, reserved 1077248K
  class space    used 3694K, capacity 3927K, committed 3968K, reserved 1048576K
}

